0 info it worked if it ends with ok
1 verbose cli [ '/usr/local/bin/node', '/usr/local/bin/npm', 'cache', 'clean' ]
2 info using npm@1.4.28
3 info using node@v0.13.0-pre
4 error Error: EACCES, unlink '/home/tom/.npm/_git-remotes/https-github-com-pipobscure-fsevents-8cf929e2'
4 error     at Error (native)
4 error  { [Error: EACCES, unlink '/home/tom/.npm/_git-remotes/https-github-com-pipobscure-fsevents-8cf929e2']
4 error   stack: 'Error: EACCES, unlink \'/home/tom/.npm/_git-remotes/https-github-com-pipobscure-fsevents-8cf929e2\'\n    at Error (native)',
4 error   errno: -13,
4 error   code: 'EACCES',
4 error   path: '/home/tom/.npm/_git-remotes/https-github-com-pipobscure-fsevents-8cf929e2' }
5 error Please try running this command again as root/Administrator.
6 error System Linux 3.13.0-35-generic
7 error command "/usr/local/bin/node" "/usr/local/bin/npm" "cache" "clean"
8 error cwd /home/tom/WebstormProjects/mean-seed
9 error node -v v0.13.0-pre
10 error npm -v 1.4.28
11 error path /home/tom/.npm/_git-remotes/https-github-com-pipobscure-fsevents-8cf929e2
12 error code EACCES
13 error errno -13
14 error stack Error: EACCES, unlink '/home/tom/.npm/_git-remotes/https-github-com-pipobscure-fsevents-8cf929e2'
14 error stack     at Error (native)
15 verbose exit [ -13, true ]
